# JRE version: Java(TM) SE Runtime Environment 18.9 (11.0.11+9) (build 11.0.11+9-LTS-194)
# Java VM: Java HotSpot(TM) 64-Bit Server VM 18.9 (11.0.11+9-LTS-194, mixed mode, tiered, compressed oops, parallel gc, windows-amd64)
Heap:
 PSYoungGen      total 22016K, used 15K [0x00000000eab00000, 0x00000000eca00000, 0x0000000100000000)
  eden space 21504K, 0% used [0x00000000eab00000,0x00000000eab03d40,0x00000000ec000000)
  from space 512K, 0% used [0x00000000ec000000,0x00000000ec000000,0x00000000ec080000)
  to   space 3584K, 0% used [0x00000000ec680000,0x00000000ec680000,0x00000000eca00000)
 ParOldGen       total 68608K, used 24388K [0x00000000c0000000, 0x00000000c4300000, 0x00000000eab00000)
  object space 68608K, 35% used [0x00000000c0000000,0x00000000c17d12a8,0x00000000c4300000)
 Metaspace       used 33372K, capacity 35341K, committed 35584K, reserved 1081344K
  class space    used 3167K, capacity 3809K, committed 3840K, reserved 1048576K
GC Heap History (10 events):
Event: 7.555 GC heap before
{Heap before GC invocations=9 (full 1):
 PSYoungGen      total 30720K, used 30705K [0x00000000eab00000, 0x00000000ed480000, 0x0000000100000000)
  eden space 24064K, 100% used [0x00000000eab00000,0x00000000ec280000,0x00000000ec280000)
  from space 6656K, 99% used [0x00000000ec380000,0x00000000ec9fc4b8,0x00000000eca00000)
  to   space 9216K, 0% used [0x00000000ecb80000,0x00000000ecb80000,0x00000000ed480000)
 ParOldGen       total 68608K, used 10662K [0x00000000c0000000, 0x00000000c4300000, 0x00000000eab00000)
  object space 68608K, 15% used [0x00000000c0000000,0x00000000c0a699d0,0x00000000c4300000)
 Metaspace       used 30818K, capacity 32613K, committed 32896K, reserved 1079296K
  class space    used 2971K, capacity 3604K, committed 3712K, reserved 1048576K
}
Event: 7.587 GC heap after
{Heap after GC invocations=9 (full 1):
 PSYoungGen      total 30720K, used 6707K [0x00000000eab00000, 0x00000000ed280000, 0x0000000100000000)
  eden space 23552K, 0% used [0x00000000eab00000,0x00000000eab00000,0x00000000ec200000)
  from space 7168K, 93% used [0x00000000ecb80000,0x00000000ed20cea8,0x00000000ed280000)
  to   space 7680K, 0% used [0x00000000ec380000,0x00000000ec380000,0x00000000ecb00000)
 ParOldGen       total 68608K, used 12790K [0x00000000c0000000, 0x00000000c4300000, 0x00000000eab00000)
  object space 68608K, 18% used [0x00000000c0000000,0x00000000c0c7da40,0x00000000c4300000)
 Metaspace       used 30818K, capacity 32613K, committed 32896K, reserved 1079296K
  class space    used 2971K, capacity 3604K, committed 3712K, reserved 1048576K
}
Event: 7.647 GC heap before
{Heap before GC invocations=10 (full 1):
 PSYoungGen      total 30720K, used 30259K [0x00000000eab00000, 0x00000000ed280000, 0x0000000100000000)
  eden space 23552K, 100% used [0x00000000eab00000,0x00000000ec200000,0x00000000ec200000)
  from space 7168K, 93% used [0x00000000ecb80000,0x00000000ed20cea8,0x00000000ed280000)
  to   space 7680K, 0% used [0x00000000ec380000,0x00000000ec380000,0x00000000ecb00000)
 ParOldGen       total 68608K, used 12790K [0x00000000c0000000, 0x00000000c4300000, 0x00000000eab00000)
  object space 68608K, 18% used [0x00000000c0000000,0x00000000c0c7da40,0x00000000c4300000)
 Metaspace       used 30818K, capacity 32613K, committed 32896K, reserved 1079296K
  class space    used 2971K, capacity 3604K, committed 3712K, reserved 1048576K
}
Event: 7.678 GC heap after
{Heap after GC invocations=10 (full 1):
 PSYoungGen      total 29184K, used 5920K [0x00000000eab00000, 0x00000000ece80000, 0x0000000100000000)
  eden space 23040K, 0% used [0x00000000eab00000,0x00000000eab00000,0x00000000ec180000)
  from space 6144K, 96% used [0x00000000ec380000,0x00000000ec948010,0x00000000ec980000)
  to   space 5120K, 0% used [0x00000000ec980000,0x00000000ec980000,0x00000000ece80000)
 ParOldGen       total 68608K, used 15674K [0x00000000c0000000, 0x00000000c4300000, 0x00000000eab00000)
  object space 68608K, 22% used [0x00000000c0000000,0x00000000c0f4e8d8,0x00000000c4300000)
 Metaspace       used 30818K, capacity 32613K, committed 32896K, reserved 1079296K
  class space    used 2971K, capacity 3604K, committed 3712K, reserved 1048576K
}
Event: 20.888 GC heap before
{Heap before GC invocations=11 (full 1):
 PSYoungGen      total 29184K, used 28960K [0x00000000eab00000, 0x00000000ece80000, 0x0000000100000000)
  eden space 23040K, 100% used [0x00000000eab00000,0x00000000ec180000,0x00000000ec180000)
  from space 6144K, 96% used [0x00000000ec380000,0x00000000ec948010,0x00000000ec980000)
  to   space 5120K, 0% used [0x00000000ec980000,0x00000000ec980000,0x00000000ece80000)
 ParOldGen       total 68608K, used 15674K [0x00000000c0000000, 0x00000000c4300000, 0x00000000eab00000)
  object space 68608K, 22% used [0x00000000c0000000,0x00000000c0f4e8d8,0x00000000c4300000)
 Metaspace       used 33248K, capacity 35213K, committed 35328K, reserved 1081344K
  class space    used 3165K, capacity 3809K, committed 3840K, reserved 1048576K
}
Event: 20.932 GC heap after
{Heap after GC invocations=11 (full 1):
 PSYoungGen      total 26624K, used 5115K [0x00000000eab00000, 0x00000000ed400000, 0x0000000100000000)
  eden space 21504K, 0% used [0x00000000eab00000,0x00000000eab00000,0x00000000ec000000)
  from space 5120K, 99% used [0x00000000ec980000,0x00000000ece7ef70,0x00000000ece80000)
  to   space 9728K, 0% used [0x00000000ec000000,0x00000000ec000000,0x00000000ec980000)
 ParOldGen       total 68608K, used 19612K [0x00000000c0000000, 0x00000000c4300000, 0x00000000eab00000)
  object space 68608K, 28% used [0x00000000c0000000,0x00000000c13272c8,0x00000000c4300000)
 Metaspace       used 33248K, capacity 35213K, committed 35328K, reserved 1081344K
  class space    used 3165K, capacity 3809K, committed 3840K, reserved 1048576K
}
Event: 20.945 GC heap before
{Heap before GC invocations=12 (full 1):
 PSYoungGen      total 26624K, used 5221K [0x00000000eab00000, 0x00000000ed400000, 0x0000000100000000)
  eden space 21504K, 0% used [0x00000000eab00000,0x00000000eab1a4e8,0x00000000ec000000)
  from space 5120K, 99% used [0x00000000ec980000,0x00000000ece7ef70,0x00000000ece80000)
  to   space 9728K, 0% used [0x00000000ec000000,0x00000000ec000000,0x00000000ec980000)
 ParOldGen       total 68608K, used 19612K [0x00000000c0000000, 0x00000000c4300000, 0x00000000eab00000)
  object space 68608K, 28% used [0x00000000c0000000,0x00000000c13272c8,0x00000000c4300000)
 Metaspace       used 33356K, capacity 35277K, committed 35328K, reserved 1081344K
  class space    used 3167K, capacity 3809K, committed 3840K, reserved 1048576K
}
Event: 21.010 GC heap after
{Heap after GC invocations=12 (full 1):
 PSYoungGen      total 22016K, used 96K [0x00000000eab00000, 0x00000000eca00000, 0x0000000100000000)
  eden space 21504K, 0% used [0x00000000eab00000,0x00000000eab00000,0x00000000ec000000)
  from space 512K, 18% used [0x00000000ec000000,0x00000000ec018000,0x00000000ec080000)
  to   space 3584K, 0% used [0x00000000ec680000,0x00000000ec680000,0x00000000eca00000)
 ParOldGen       total 68608K, used 24741K [0x00000000c0000000, 0x00000000c4300000, 0x00000000eab00000)
  object space 68608K, 36% used [0x00000000c0000000,0x00000000c18295e0,0x00000000c4300000)
 Metaspace       used 33356K, capacity 35277K, committed 35328K, reserved 1081344K
  class space    used 3167K, capacity 3809K, committed 3840K, reserved 1048576K
}
Event: 21.010 GC heap before
{Heap before GC invocations=13 (full 2):
 PSYoungGen      total 22016K, used 96K [0x00000000eab00000, 0x00000000eca00000, 0x0000000100000000)
  eden space 21504K, 0% used [0x00000000eab00000,0x00000000eab00000,0x00000000ec000000)
  from space 512K, 18% used [0x00000000ec000000,0x00000000ec018000,0x00000000ec080000)
  to   space 3584K, 0% used [0x00000000ec680000,0x00000000ec680000,0x00000000eca00000)
 ParOldGen       total 68608K, used 24741K [0x00000000c0000000, 0x00000000c4300000, 0x00000000eab00000)
  object space 68608K, 36% used [0x00000000c0000000,0x00000000c18295e0,0x00000000c4300000)
 Metaspace       used 33356K, capacity 35277K, committed 35328K, reserved 1081344K
  class space    used 3167K, capacity 3809K, committed 3840K, reserved 1048576K
}
Event: 21.287 GC heap after
{Heap after GC invocations=13 (full 2):
 PSYoungGen      total 22016K, used 0K [0x00000000eab00000, 0x00000000eca00000, 0x0000000100000000)
  eden space 21504K, 0% used [0x00000000eab00000,0x00000000eab00000,0x00000000ec000000)
  from space 512K, 0% used [0x00000000ec000000,0x00000000ec000000,0x00000000ec080000)
  to   space 3584K, 0% used [0x00000000ec680000,0x00000000ec680000,0x00000000eca00000)
 ParOldGen       total 68608K, used 24388K [0x00000000c0000000, 0x00000000c4300000, 0x00000000eab00000)
  object space 68608K, 35% used [0x00000000c0000000,0x00000000c17d12a8,0x00000000c4300000)
 Metaspace       used 33356K, capacity 35277K, committed 35328K, reserved 1081344K
  class space    used 3167K, capacity 3809K, committed 3840K, reserved 1048576K
}

